This file contains any messages produced by compilers while
running configure, to aid debugging if configure makes a mistake.

It was created by fs-hasher configure 0.9.4, which was
generated by GNU Autoconf 2.63.  Invocation command line was

  $ ./configure 

## --------- ##
## Platform. ##
## --------- ##

hostname = Carricks-MacBook-Air.local
uname -m = x86_64
uname -r = 14.3.0
uname -s = Darwin
uname -v = Darwin Kernel Version 14.3.0: Mon Mar 23 11:59:05 PDT 2015; root:xnu-2782.20.48~5/RELEASE_X86_64

/usr/bin/uname -p = i386
/bin/uname -X     = unknown

/bin/arch              = unknown
/usr/bin/arch -k       = unknown
/usr/convex/getsysinfo = unknown
/usr/bin/hostinfo      = Mach kernel version:
	 Darwin Kernel Version 14.3.0: Mon Mar 23 11:59:05 PDT 2015; root:xnu-2782.20.48~5/RELEASE_X86_64
Kernel configured for up to 4 processors.
2 processors are physically available.
4 processors are logically available.
Processor type: x86_64h (Intel x86-64h Haswell)
Processors active: 0 1 2 3
Primary memory available: 4.00 gigabytes
Default processor set: 231 tasks, 1031 threads, 4 processors
Load average: 1.72, Mach factor: 2.27
/bin/machine           = unknown
/usr/bin/oslevel       = unknown
/bin/universe          = unknown

PATH: /opt/local/bin
PATH: /opt/local/sbin
PATH: /Library/Frameworks/Python.framework/Versions/2.7/bin
PATH: /usr/local/bin
PATH: /usr/bin
PATH: /bin
PATH: /usr/sbin
PATH: /sbin
PATH: /opt/X11/bin
PATH: /usr/local/git/bin
PATH: /Development/android-sdk-macosx/platform-tools
PATH: /Development/android-sdk-macosx/tools


## ----------- ##
## Core tests. ##
## ----------- ##

configure:1880: checking for a BSD-compatible install
configure:1948: result: /usr/bin/install -c
configure:1959: checking whether build environment is sane
configure:2019: result: yes
configure:2160: checking for a thread-safe mkdir -p
configure:2199: result: ./install-sh -c -d
configure:2212: checking for gawk
configure:2242: result: no
configure:2212: checking for mawk
configure:2228: found /usr/local/bin/mawk
configure:2239: result: mawk
configure:2250: checking whether make sets $(MAKE)
configure:2272: result: yes
configure:2406: checking for gcc
configure:2422: found /usr/local/bin/gcc
configure:2433: result: gcc
configure:2665: checking for C compiler version
configure:2673: gcc --version >&5
gcc (GCC) 4.9.2 20141029 (prerelease)
Copyright (C) 2014 Free Software Foundation, Inc.
This is free software; see the source for copying conditions.  There is NO
warranty; not even for MERCHANTABILITY or FITNESS FOR A PARTICULAR PURPOSE.

configure:2677: $? = 0
configure:2684: gcc -v >&5
Using built-in specs.
COLLECT_GCC=gcc
COLLECT_LTO_WRAPPER=/usr/local/libexec/gcc/x86_64-apple-darwin14.0.0/4.9.2/lto-wrapper
Target: x86_64-apple-darwin14.0.0
Configured with: ../gcc-4.9-20141029/configure --enable-languages=c++,fortran
Thread model: posix
gcc version 4.9.2 20141029 (prerelease) (GCC) 
configure:2688: $? = 0
configure:2695: gcc -V >&5
gcc: error: unrecognized command line option '-V'
gcc: fatal error: no input files
compilation terminated.
configure:2699: $? = 1
configure:2722: checking for C compiler default output file name
configure:2744: gcc    conftest.c  >&5
configure:2748: $? = 0
configure:2786: result: a.out
configure:2805: checking whether the C compiler works
configure:2815: ./a.out
configure:2819: $? = 0
configure:2838: result: yes
configure:2845: checking whether we are cross compiling
configure:2847: result: no
configure:2850: checking for suffix of executables
configure:2857: gcc -o conftest    conftest.c  >&5
configure:2861: $? = 0
configure:2887: result: 
configure:2893: checking for suffix of object files
configure:2919: gcc -c   conftest.c >&5
configure:2923: $? = 0
configure:2948: result: o
configure:2952: checking whether we are using the GNU C compiler
configure:2981: gcc -c   conftest.c >&5
configure:2988: $? = 0
configure:3005: result: yes
configure:3014: checking whether gcc accepts -g
configure:3044: gcc -c -g  conftest.c >&5
configure:3051: $? = 0
configure:3152: result: yes
configure:3169: checking for gcc option to accept ISO C89
configure:3243: gcc  -c -g -O2  conftest.c >&5
configure:3250: $? = 0
configure:3273: result: none needed
configure:3302: checking for style of include used by make
configure:3330: result: GNU
configure:3355: checking dependency style of gcc
configure:3465: result: gcc3
configure:3523: checking for ranlib
configure:3539: found /usr/bin/ranlib
configure:3550: result: ranlib
configure:3576: checking for MD5 in -lcrypto
configure:3611: gcc -o conftest -g -O2   conftest.c -lcrypto   >&5
configure:3618: $? = 0
configure:3639: result: yes
configure:3651: checking for deflate in -lz
configure:3686: gcc -o conftest -g -O2   conftest.c -lz  -lcrypto  >&5
configure:3693: $? = 0
configure:3714: result: yes
configure:3732: checking how to run the C preprocessor
configure:3772: gcc -E  conftest.c
configure:3779: $? = 0
configure:3810: gcc -E  conftest.c
conftest.c:12:28: fatal error: ac_nonexistent.h: No such file or directory
 #include <ac_nonexistent.h>
                            ^
compilation terminated.
configure:3817: $? = 1
configure: failed program was:
| /* confdefs.h.  */
| #define PACKAGE_NAME "fs-hasher"
| #define PACKAGE_TARNAME "fs-hasher"
| #define PACKAGE_VERSION "0.9.4"
| #define PACKAGE_STRING "fs-hasher 0.9.4"
| #define PACKAGE_BUGREPORT "fsltraces@fsl.cs.sunysb.edu"
| #define PACKAGE "fs-hasher"
| #define VERSION "0.9.4"
| #define HAVE_LIBCRYPTO 1
| #define HAVE_LIBZ 1
| /* end confdefs.h.  */
| #include <ac_nonexistent.h>
configure:3850: result: gcc -E
configure:3879: gcc -E  conftest.c
configure:3886: $? = 0
configure:3917: gcc -E  conftest.c
conftest.c:12:28: fatal error: ac_nonexistent.h: No such file or directory
 #include <ac_nonexistent.h>
                            ^
compilation terminated.
configure:3924: $? = 1
configure: failed program was:
| /* confdefs.h.  */
| #define PACKAGE_NAME "fs-hasher"
| #define PACKAGE_TARNAME "fs-hasher"
| #define PACKAGE_VERSION "0.9.4"
| #define PACKAGE_STRING "fs-hasher 0.9.4"
| #define PACKAGE_BUGREPORT "fsltraces@fsl.cs.sunysb.edu"
| #define PACKAGE "fs-hasher"
| #define VERSION "0.9.4"
| #define HAVE_LIBCRYPTO 1
| #define HAVE_LIBZ 1
| /* end confdefs.h.  */
| #include <ac_nonexistent.h>
configure:3964: checking for grep that handles long lines and -e
configure:4024: result: /usr/bin/grep
configure:4029: checking for egrep
configure:4093: result: /usr/bin/grep -E
configure:4098: checking for ANSI C header files
configure:4128: gcc -c -g -O2  conftest.c >&5
configure:4135: $? = 0
configure:4234: gcc -o conftest -g -O2   conftest.c -lz -lcrypto  >&5
configure:4238: $? = 0
configure:4244: ./conftest
configure:4248: $? = 0
configure:4266: result: yes
configure:4290: checking for sys/types.h
configure:4311: gcc -c -g -O2  conftest.c >&5
configure:4318: $? = 0
configure:4335: result: yes
configure:4290: checking for sys/stat.h
configure:4311: gcc -c -g -O2  conftest.c >&5
configure:4318: $? = 0
configure:4335: result: yes
configure:4290: checking for stdlib.h
configure:4311: gcc -c -g -O2  conftest.c >&5
configure:4318: $? = 0
configure:4335: result: yes
configure:4290: checking for string.h
configure:4311: gcc -c -g -O2  conftest.c >&5
configure:4318: $? = 0
configure:4335: result: yes
configure:4290: checking for memory.h
configure:4311: gcc -c -g -O2  conftest.c >&5
configure:4318: $? = 0
configure:4335: result: yes
configure:4290: checking for strings.h
configure:4311: gcc -c -g -O2  conftest.c >&5
configure:4318: $? = 0
configure:4335: result: yes
configure:4290: checking for inttypes.h
configure:4311: gcc -c -g -O2  conftest.c >&5
configure:4318: $? = 0
configure:4335: result: yes
configure:4290: checking for stdint.h
configure:4311: gcc -c -g -O2  conftest.c >&5
configure:4318: $? = 0
configure:4335: result: yes
configure:4290: checking for unistd.h
configure:4311: gcc -c -g -O2  conftest.c >&5
configure:4318: $? = 0
configure:4335: result: yes
configure:4365: checking openssl/sha.h usability
configure:4382: gcc -c -g -O2  conftest.c >&5
configure:4389: $? = 0
configure:4403: result: yes
configure:4407: checking openssl/sha.h presence
configure:4422: gcc -E  conftest.c
configure:4429: $? = 0
configure:4443: result: yes
configure:4476: checking for openssl/sha.h
configure:4485: result: yes
configure:4516: checking openssl/md5.h usability
configure:4533: gcc -c -g -O2  conftest.c >&5
configure:4540: $? = 0
configure:4554: result: yes
configure:4558: checking openssl/md5.h presence
configure:4573: gcc -E  conftest.c
configure:4580: $? = 0
configure:4594: result: yes
configure:4627: checking for openssl/md5.h
configure:4636: result: yes
configure:4667: checking openssl/des.h usability
configure:4684: gcc -c -g -O2  conftest.c >&5
configure:4691: $? = 0
configure:4705: result: yes
configure:4709: checking openssl/des.h presence
configure:4724: gcc -E  conftest.c
configure:4731: $? = 0
configure:4745: result: yes
configure:4778: checking for openssl/des.h
configure:4787: result: yes
configure:4827: checking zlib.h usability
configure:4844: gcc -c -g -O2  conftest.c >&5
configure:4851: $? = 0
configure:4865: result: yes
configure:4869: checking zlib.h presence
configure:4884: gcc -E  conftest.c
configure:4891: $? = 0
configure:4905: result: yes
configure:4938: checking for zlib.h
configure:4947: result: yes
configure:5096: creating ./config.status

## ---------------------- ##
## Running config.status. ##
## ---------------------- ##

This file was extended by fs-hasher config.status 0.9.4, which was
generated by GNU Autoconf 2.63.  Invocation command line was

  CONFIG_FILES    = 
  CONFIG_HEADERS  = 
  CONFIG_LINKS    = 
  CONFIG_COMMANDS = 
  $ ./config.status 

on Carricks-MacBook-Air.local

config.status:780: creating Makefile
config.status:780: creating config.h
config.status:1002: config.h is unchanged
config.status:1054: executing depfiles commands

## ---------------- ##
## Cache variables. ##
## ---------------- ##

ac_cv_c_compiler_gnu=yes
ac_cv_env_CC_set=
ac_cv_env_CC_value=
ac_cv_env_CFLAGS_set=
ac_cv_env_CFLAGS_value=
ac_cv_env_CPPFLAGS_set=
ac_cv_env_CPPFLAGS_value=
ac_cv_env_CPP_set=
ac_cv_env_CPP_value=
ac_cv_env_LDFLAGS_set=
ac_cv_env_LDFLAGS_value=
ac_cv_env_LIBS_set=
ac_cv_env_LIBS_value=
ac_cv_env_build_alias_set=
ac_cv_env_build_alias_value=
ac_cv_env_host_alias_set=
ac_cv_env_host_alias_value=
ac_cv_env_target_alias_set=
ac_cv_env_target_alias_value=
ac_cv_header_inttypes_h=yes
ac_cv_header_memory_h=yes
ac_cv_header_openssl_des_h=yes
ac_cv_header_openssl_md5_h=yes
ac_cv_header_openssl_sha_h=yes
ac_cv_header_stdc=yes
ac_cv_header_stdint_h=yes
ac_cv_header_stdlib_h=yes
ac_cv_header_string_h=yes
ac_cv_header_strings_h=yes
ac_cv_header_sys_stat_h=yes
ac_cv_header_sys_types_h=yes
ac_cv_header_unistd_h=yes
ac_cv_header_zlib_h=yes
ac_cv_lib_crypto_MD5=yes
ac_cv_lib_z_deflate=yes
ac_cv_objext=o
ac_cv_path_EGREP='/usr/bin/grep -E'
ac_cv_path_GREP=/usr/bin/grep
ac_cv_path_install='/usr/bin/install -c'
ac_cv_prog_AWK=mawk
ac_cv_prog_CPP='gcc -E'
ac_cv_prog_ac_ct_CC=gcc
ac_cv_prog_ac_ct_RANLIB=ranlib
ac_cv_prog_cc_c89=
ac_cv_prog_cc_g=yes
ac_cv_prog_make_make_set=yes
am_cv_CC_dependencies_compiler_type=gcc3

## ----------------- ##
## Output variables. ##
## ----------------- ##

ACLOCAL='${SHELL} /Users/carrickdb/Dropbox/dedupe/Hasher_source_github/missing --run aclocal-1.11'
AMDEPBACKSLASH='\'
AMDEP_FALSE='#'
AMDEP_TRUE=''
AMTAR='${SHELL} /Users/carrickdb/Dropbox/dedupe/Hasher_source_github/missing --run tar'
AUTOCONF='${SHELL} /Users/carrickdb/Dropbox/dedupe/Hasher_source_github/missing --run autoconf'
AUTOHEADER='${SHELL} /Users/carrickdb/Dropbox/dedupe/Hasher_source_github/missing --run autoheader'
AUTOMAKE='${SHELL} /Users/carrickdb/Dropbox/dedupe/Hasher_source_github/missing --run automake-1.11'
AWK='mawk'
CC='gcc'
CCDEPMODE='depmode=gcc3'
CFLAGS='-g -O2'
COMPILE_ANONYMIZER_FALSE='#'
COMPILE_ANONYMIZER_TRUE=''
CPP='gcc -E'
CPPFLAGS=''
CYGPATH_W='echo'
DEFS='-DHAVE_CONFIG_H'
DEPDIR='.deps'
ECHO_C='\c'
ECHO_N=''
ECHO_T=''
EGREP='/usr/bin/grep -E'
EXEEXT=''
GREP='/usr/bin/grep'
INSTALL_DATA='${INSTALL} -m 644'
INSTALL_PROGRAM='${INSTALL}'
INSTALL_SCRIPT='${INSTALL}'
INSTALL_STRIP_PROGRAM='$(install_sh) -c -s'
LDFLAGS=''
LIBOBJS=''
LIBS='-lz -lcrypto '
LTLIBOBJS=''
MAKEINFO='${SHELL} /Users/carrickdb/Dropbox/dedupe/Hasher_source_github/missing --run makeinfo'
MKDIR_P='./install-sh -c -d'
OBJEXT='o'
PACKAGE='fs-hasher'
PACKAGE_BUGREPORT='fsltraces@fsl.cs.sunysb.edu'
PACKAGE_NAME='fs-hasher'
PACKAGE_STRING='fs-hasher 0.9.4'
PACKAGE_TARNAME='fs-hasher'
PACKAGE_VERSION='0.9.4'
PATH_SEPARATOR=':'
RANLIB='ranlib'
SET_MAKE=''
SHELL='/bin/sh'
STRIP=''
VERSION='0.9.4'
ac_ct_CC='gcc'
am__EXEEXT_FALSE=''
am__EXEEXT_TRUE='#'
am__fastdepCC_FALSE='#'
am__fastdepCC_TRUE=''
am__include='include'
am__isrc=''
am__leading_dot='.'
am__quote=''
am__tar='${AMTAR} chof - "$$tardir"'
am__untar='${AMTAR} xf -'
bindir='${exec_prefix}/bin'
build_alias=''
datadir='${datarootdir}'
datarootdir='${prefix}/share'
docdir='${datarootdir}/doc/${PACKAGE_TARNAME}'
dvidir='${docdir}'
exec_prefix='${prefix}'
host_alias=''
htmldir='${docdir}'
includedir='${prefix}/include'
infodir='${datarootdir}/info'
install_sh='${SHELL} /Users/carrickdb/Dropbox/dedupe/Hasher_source_github/install-sh'
libdir='${exec_prefix}/lib'
libexecdir='${exec_prefix}/libexec'
localedir='${datarootdir}/locale'
localstatedir='${prefix}/var'
mandir='${datarootdir}/man'
mkdir_p='$(top_builddir)/./install-sh -c -d'
oldincludedir='/usr/include'
pdfdir='${docdir}'
prefix='/usr/local'
program_transform_name='s,x,x,'
psdir='${docdir}'
sbindir='${exec_prefix}/sbin'
sharedstatedir='${prefix}/com'
sysconfdir='${prefix}/etc'
target_alias=''

## ----------- ##
## confdefs.h. ##
## ----------- ##

#define PACKAGE_NAME "fs-hasher"
#define PACKAGE_TARNAME "fs-hasher"
#define PACKAGE_VERSION "0.9.4"
#define PACKAGE_STRING "fs-hasher 0.9.4"
#define PACKAGE_BUGREPORT "fsltraces@fsl.cs.sunysb.edu"
#define PACKAGE "fs-hasher"
#define VERSION "0.9.4"
#define HAVE_LIBCRYPTO 1
#define HAVE_LIBZ 1
#define STDC_HEADERS 1
#define HAVE_SYS_TYPES_H 1
#define HAVE_SYS_STAT_H 1
#define HAVE_STDLIB_H 1
#define HAVE_STRING_H 1
#define HAVE_MEMORY_H 1
#define HAVE_STRINGS_H 1
#define HAVE_INTTYPES_H 1
#define HAVE_STDINT_H 1
#define HAVE_UNISTD_H 1
#define HAVE_OPENSSL_SHA_H 1
#define HAVE_OPENSSL_MD5_H 1
#define HAVE_OPENSSL_DES_H 1
#define HAVE_ZLIB_H 1

configure: exit 0
